<?xml version="1.0" encoding="UTF-8"?>
<testsuite xmlns:xsi="http://www.w3.org/2001/XMLSchema-instance" xsi:noNamespaceSchemaLocation="https://maven.apache.org/surefire/maven-surefire-plugin/xsd/surefire-test-report.xsd" name="com.moviebookingapp.ServiceTests" time="34.696" tests="5" errors="0" skipped="0" failures="0">
  <properties>
[...]
</properties>
  <testcase name="testDeleteMovie" classname="com.moviebookingapp.ServiceTests" time="0.75"/>
  <testcase name="testAddUser" classname="com.moviebookingapp.ServiceTests" time="0.763"/>
  <testcase name="testShowMovie" classname="com.moviebookingapp.ServiceTests" time="1.785"/>
  <testcase name="testAddMovie" classname="com.moviebookingapp.ServiceTests" time="0.578"/>
  <testcase name="testBookTicket" classname="com.moviebookingapp.ServiceTests" time="0.546"/>
</testsuite>